<html>
<head>
<title>TestNG:  Default test</title>
<link href="../testng.css" rel="stylesheet" type="text/css" />
<link href="../my-testng.css" rel="stylesheet" type="text/css" />

<style type="text/css">
.log { display: none;} 
.stack-trace { display: none;} 
</style>
<script type="text/javascript">
<!--
function flip(e) {
  current = e.style.display;
  if (current == 'block') {
    e.style.display = 'none';
    return 0;
  }
  else {
    e.style.display = 'block';
    return 1;
  }
}

function toggleBox(szDivId, elem, msg1, msg2)
{
  var res = -1;  if (document.getElementById) {
    res = flip(document.getElementById(szDivId));
  }
  else if (document.all) {
    // this is the way old msie versions work
    res = flip(document.all[szDivId]);
  }
  if(elem) {
    if(res == 0) elem.innerHTML = msg1; else elem.innerHTML = msg2;
  }

}

function toggleAllBoxes() {
  if (document.getElementsByTagName) {
    d = document.getElementsByTagName('div');
    for (i = 0; i < d.length; i++) {
      if (d[i].className == 'log') {
        flip(d[i]);
      }
    }
  }
}

// -->
</script>

</head>
<body>
<h2 align='center'>Default test</h2><table border='1' align="center">
<tr>
<td>Tests passed/Failed/Skipped:</td><td>15/1/0</td>
</tr><tr>
<td>Started on:</td><td>Mon Nov 04 22:47:43 IST 2024</td>
</tr>
<tr><td>Total time:</td><td>273 seconds (273253 ms)</td>
</tr><tr>
<td>Included groups:</td><td></td>
</tr><tr>
<td>Excluded groups:</td><td></td>
</tr>
</table><p/>
<small><i>(Hover the method name to see the test class name)</i></small><p/>
<table width='100%' border='1' class='invocation-failed'>
<tr><td colspan='4' align='center'><b>FAILED TESTS</b></td></tr>
<tr><td><b>Test method</b></td>
<td width="30%"><b>Exception</b></td>
<td width="10%"><b>Time (seconds)</b></td>
<td><b>Instance</b></td>
</tr>
<tr>
<td title='com.runerclass.TestRunner.runScenario()'><b>runScenario</b><br>Test class: com.runerclass.TestRunner<br>Test method: Runs Cucumber Scenarios<br>Parameters: "Verify Shoping Cart Button Is Clickable", "Home Functionality"</td>
<td><div><pre>java.lang.AssertionError: expected [Shopping cart] but found [Shoping cart]
	at org.testng.Assert.fail(Assert.java:99)
	at org.testng.Assert.failNotEquals(Assert.java:1037)
	at org.testng.Assert.assertEqualsImpl(Assert.java:140)
	at org.testng.Assert.assertEquals(Assert.java:122)
	at org.testng.Assert.assertEquals(Assert.java:629)
	at org.testng.Assert.assertEquals(Assert.java:639)
	at com.demowebshop.pages.HomePage.verifyWhisListPge(HomePage.java:94)
	at com.stepdefination.Homesteps.verifiesTheShoppingCartButton(Homesteps.java:72)
	at ✽.Verify The Shoping Cart Button(file:///C:/Users/PSHAR168/Downloads/Demowebshop_cucumberbdd_pratik/Demowebshop_cucumberbdd_pratik/DemoWebShop_Cucumber/src/test/resources/Features/A-home.feature:24)
</pre></div><a href='#' onClick='toggleBox("stack-trace934993374", this, "Click to show all stack frames", "Click to hide stack frames")'>Click to show all stack frames</a>
<div class='stack-trace' id='stack-trace934993374'><pre>java.lang.AssertionError: expected [Shopping cart] but found [Shoping cart]
	at org.testng.Assert.fail(Assert.java:99)
	at org.testng.Assert.failNotEquals(Assert.java:1037)
	at org.testng.Assert.assertEqualsImpl(Assert.java:140)
	at org.testng.Assert.assertEquals(Assert.java:122)
	at org.testng.Assert.assertEquals(Assert.java:629)
	at org.testng.Assert.assertEquals(Assert.java:639)
	at com.demowebshop.pages.HomePage.verifyWhisListPge(HomePage.java:94)
	at com.stepdefination.Homesteps.verifiesTheShoppingCartButton(Homesteps.java:72)
	at ✽.Verify The Shoping Cart Button(file:///C:/Users/PSHAR168/Downloads/Demowebshop_cucumberbdd_pratik/Demowebshop_cucumberbdd_pratik/DemoWebShop_Cucumber/src/test/resources/Features/A-home.feature:24)
</pre></div></td>
<td>10</td>
<td>com.runerclass.TestRunner@5fb759d6</td></tr>
</table><p>
<table width='100%' border='1' class='invocation-passed'>
<tr><td colspan='4' align='center'><b>PASSED TESTS</b></td></tr>
<tr><td><b>Test method</b></td>
<td width="30%"><b>Exception</b></td>
<td width="10%"><b>Time (seconds)</b></td>
<td><b>Instance</b></td>
</tr>
<tr>
<td title='com.runerclass.TestRunner.runScenario()'><b>runScenario</b><br>Test class: com.runerclass.TestRunner<br>Test method: Runs Cucumber Scenarios<br>Parameters: "Verify Search Fuctionality with Valid Keyword", "Home Functionality"</td>
<td></td>
<td>20</td>
<td>com.runerclass.TestRunner@5fb759d6</td></tr>
<tr>
<td title='com.runerclass.TestRunner.runScenario()'><b>runScenario</b><br>Test class: com.runerclass.TestRunner<br>Test method: Runs Cucumber Scenarios<br>Parameters: "Check registration is successful with Invalid credentials", "feature to test registration functionality"</td>
<td></td>
<td>10</td>
<td>com.runerclass.TestRunner@5fb759d6</td></tr>
<tr>
<td title='com.runerclass.TestRunner.runScenario()'><b>runScenario</b><br>Test class: com.runerclass.TestRunner<br>Test method: Runs Cucumber Scenarios<br>Parameters: "Verify login with Invalid credentials", "feature to test login functionality"</td>
<td></td>
<td>12</td>
<td>com.runerclass.TestRunner@5fb759d6</td></tr>
<tr>
<td title='com.runerclass.TestRunner.runScenario()'><b>runScenario</b><br>Test class: com.runerclass.TestRunner<br>Test method: Runs Cucumber Scenarios<br>Parameters: "Verify login with Invalid credentials", "feature to test login functionality"</td>
<td></td>
<td>12</td>
<td>com.runerclass.TestRunner@5fb759d6</td></tr>
<tr>
<td title='com.runerclass.TestRunner.runScenario()'><b>runScenario</b><br>Test class: com.runerclass.TestRunner<br>Test method: Runs Cucumber Scenarios<br>Parameters: "Check registration is successful with valid credentials", "feature to test registration functionality"</td>
<td></td>
<td>12</td>
<td>com.runerclass.TestRunner@5fb759d6</td></tr>
<tr>
<td title='com.runerclass.TestRunner.runScenario()'><b>runScenario</b><br>Test class: com.runerclass.TestRunner<br>Test method: Runs Cucumber Scenarios<br>Parameters: "Verify login with Invalid credentials", "feature to test login functionality"</td>
<td></td>
<td>11</td>
<td>com.runerclass.TestRunner@5fb759d6</td></tr>
<tr>
<td title='com.runerclass.TestRunner.runScenario()'><b>runScenario</b><br>Test class: com.runerclass.TestRunner<br>Test method: Runs Cucumber Scenarios<br>Parameters: "Verify Register Button is Clickable", "Home Functionality"</td>
<td></td>
<td>10</td>
<td>com.runerclass.TestRunner@5fb759d6</td></tr>
<tr>
<td title='com.runerclass.TestRunner.runScenario()'><b>runScenario</b><br>Test class: com.runerclass.TestRunner<br>Test method: Runs Cucumber Scenarios<br>Parameters: "Verify the Search Functionality with Empty Keyword", "Home Functionality"</td>
<td></td>
<td>9</td>
<td>com.runerclass.TestRunner@5fb759d6</td></tr>
<tr>
<td title='com.runerclass.TestRunner.runScenario()'><b>runScenario</b><br>Test class: com.runerclass.TestRunner<br>Test method: Runs Cucumber Scenarios<br>Parameters: "Verify login with Invalid credentials", "feature to test login functionality"</td>
<td></td>
<td>12</td>
<td>com.runerclass.TestRunner@5fb759d6</td></tr>
<tr>
<td title='com.runerclass.TestRunner.runScenario()'><b>runScenario</b><br>Test class: com.runerclass.TestRunner<br>Test method: Runs Cucumber Scenarios<br>Parameters: "Verify Login Button is Clickable", "Home Functionality"</td>
<td></td>
<td>10</td>
<td>com.runerclass.TestRunner@5fb759d6</td></tr>
<tr>
<td title='com.runerclass.TestRunner.runScenario()'><b>runScenario</b><br>Test class: com.runerclass.TestRunner<br>Test method: Runs Cucumber Scenarios<br>Parameters: "Successful login with valid credentials", "feature to test login functionality"</td>
<td></td>
<td>13</td>
<td>com.runerclass.TestRunner@5fb759d6</td></tr>
<tr>
<td title='com.runerclass.TestRunner.runScenario()'><b>runScenario</b><br>Test class: com.runerclass.TestRunner<br>Test method: Runs Cucumber Scenarios<br>Parameters: "Check registration is successful with existing email id", "feature to test registration functionality"</td>
<td></td>
<td>13</td>
<td>com.runerclass.TestRunner@5fb759d6</td></tr>
<tr>
<td title='com.runerclass.TestRunner.runScenario()'><b>runScenario</b><br>Test class: com.runerclass.TestRunner<br>Test method: Runs Cucumber Scenarios<br>Parameters: "Verify The Logo of Home Page", "Home Functionality"</td>
<td></td>
<td>54</td>
<td>com.runerclass.TestRunner@5fb759d6</td></tr>
<tr>
<td title='com.runerclass.TestRunner.runScenario()'><b>runScenario</b><br>Test class: com.runerclass.TestRunner<br>Test method: Runs Cucumber Scenarios<br>Parameters: "Successfully add to cart for books", "feature to test books add to cart"</td>
<td></td>
<td>43</td>
<td>com.runerclass.TestRunner@5fb759d6</td></tr>
<tr>
<td title='com.runerclass.TestRunner.runScenario()'><b>runScenario</b><br>Test class: com.runerclass.TestRunner<br>Test method: Runs Cucumber Scenarios<br>Parameters: "Check registration is successful with existing email id", "feature to test registration functionality"</td>
<td></td>
<td>12</td>
<td>com.runerclass.TestRunner@5fb759d6</td></tr>
</table><p>
</body>
</html>