<?xml version="1.0" encoding="UTF-8"?>
<!-- Generated by org.testng.reporters.JUnitReportReporter -->
<testsuite hostname="inlen8520024550" failures="1" tests="16" name="com.runerclass.TestRunner" time="270.978" errors="0" timestamp="2024-11-04T22:52:16 IST" skipped="0">
  <testcase classname="com.runerclass.TestRunner" name="runScenario" time="20.972"/>
  <system-out/>
  <testcase classname="com.runerclass.TestRunner" name="runScenario" time="10.902"/>
  <system-out/>
  <testcase classname="com.runerclass.TestRunner" name="runScenario" time="10.145">
    <failure message="expected [Shopping cart] but found [Shoping cart]" type="java.lang.AssertionError">
      <![CDATA[java.lang.AssertionError: expected [Shopping cart] but found [Shoping cart]
at org.testng.Assert.fail(Assert.java:99)
at org.testng.Assert.failNotEquals(Assert.java:1037)
at org.testng.Assert.assertEqualsImpl(Assert.java:140)
at org.testng.Assert.assertEquals(Assert.java:122)
at org.testng.Assert.assertEquals(Assert.java:629)
at org.testng.Assert.assertEquals(Assert.java:639)
at com.demowebshop.pages.HomePage.verifyWhisListPge(HomePage.java:94)
at com.stepdefination.Homesteps.verifiesTheShoppingCartButton(Homesteps.java:72)
at âœ½.Verify The Shoping Cart Button(file:///C:/Users/PSHAR168/Downloads/Demowebshop_cucumberbdd_pratik/Demowebshop_cucumberbdd_pratik/DemoWebShop_Cucumber/src/test/resources/Features/A-home.feature:24)
]]>
    </failure>
  </testcase> <!-- runScenario -->
  <system-out/>
  <testcase classname="com.runerclass.TestRunner" name="runScenario" time="12.928"/>
  <system-out/>
  <testcase classname="com.runerclass.TestRunner" name="runScenario" time="12.616"/>
  <system-out/>
  <testcase classname="com.runerclass.TestRunner" name="runScenario" time="12.311"/>
  <system-out/>
  <testcase classname="com.runerclass.TestRunner" name="runScenario" time="11.856"/>
  <system-out/>
  <testcase classname="com.runerclass.TestRunner" name="runScenario" time="10.534"/>
  <system-out/>
  <testcase classname="com.runerclass.TestRunner" name="runScenario" time="9.418"/>
  <system-out/>
  <testcase classname="com.runerclass.TestRunner" name="runScenario" time="12.210"/>
  <system-out/>
  <testcase classname="com.runerclass.TestRunner" name="runScenario" time="10.374"/>
  <system-out/>
  <testcase classname="com.runerclass.TestRunner" name="runScenario" time="13.596"/>
  <system-out/>
  <testcase classname="com.runerclass.TestRunner" name="runScenario" time="13.156"/>
  <system-out/>
  <testcase classname="com.runerclass.TestRunner" name="runScenario" time="54.316"/>
  <system-out/>
  <testcase classname="com.runerclass.TestRunner" name="runScenario" time="43.530"/>
  <system-out/>
  <testcase classname="com.runerclass.TestRunner" name="runScenario" time="12.114"/>
  <system-out/>
</testsuite> <!-- com.runerclass.TestRunner -->
